[08-Jul-2016 11:04:02 America/Sao_Paulo] PHP Notice:  Trying to get property of non-object in C:\Fontes\orion-explorer-php-frame-work\samples\04_CRUD.php on line 49
[08-Jul-2016 11:04:02 America/Sao_Paulo] PHP Notice:  Trying to get property of non-object in C:\Fontes\orion-explorer-php-frame-work\samples\04_CRUD.php on line 49
[08-Jul-2016 11:04:02 America/Sao_Paulo] PHP Notice:  Trying to get property of non-object in C:\Fontes\orion-explorer-php-frame-work\samples\04_CRUD.php on line 50
[08-Jul-2016 11:04:02 America/Sao_Paulo] PHP Notice:  Trying to get property of non-object in C:\Fontes\orion-explorer-php-frame-work\samples\04_CRUD.php on line 50
[08-Jul-2016 11:04:02 America/Sao_Paulo] PHP Notice:  Trying to get property of non-object in C:\Fontes\orion-explorer-php-frame-work\samples\04_CRUD.php on line 51
[08-Jul-2016 11:04:02 America/Sao_Paulo] PHP Notice:  Trying to get property of non-object in C:\Fontes\orion-explorer-php-frame-work\samples\04_CRUD.php on line 51
[08-Jul-2016 11:04:02 America/Sao_Paulo] PHP Notice:  Trying to get property of non-object in C:\Fontes\orion-explorer-php-frame-work\samples\04_CRUD.php on line 52
[08-Jul-2016 11:04:02 America/Sao_Paulo] PHP Notice:  Trying to get property of non-object in C:\Fontes\orion-explorer-php-frame-work\samples\04_CRUD.php on line 52
[08-Jul-2016 11:04:02 America/Sao_Paulo] PHP Warning:  Invalid argument supplied for foreach() in C:\Fontes\orion-explorer-php-frame-work\samples\04_CRUD.php on line 56
[08-Jul-2016 11:04:11 America/Sao_Paulo] PHP Notice:  Trying to get property of non-object in C:\Fontes\orion-explorer-php-frame-work\samples\04_CRUD.php on line 50
[08-Jul-2016 11:04:11 America/Sao_Paulo] PHP Notice:  Trying to get property of non-object in C:\Fontes\orion-explorer-php-frame-work\samples\04_CRUD.php on line 50
[08-Jul-2016 11:04:11 America/Sao_Paulo] PHP Notice:  Trying to get property of non-object in C:\Fontes\orion-explorer-php-frame-work\samples\04_CRUD.php on line 51
[08-Jul-2016 11:04:11 America/Sao_Paulo] PHP Notice:  Trying to get property of non-object in C:\Fontes\orion-explorer-php-frame-work\samples\04_CRUD.php on line 51
[08-Jul-2016 11:04:11 America/Sao_Paulo] PHP Notice:  Trying to get property of non-object in C:\Fontes\orion-explorer-php-frame-work\samples\04_CRUD.php on line 52
[08-Jul-2016 11:04:11 America/Sao_Paulo] PHP Notice:  Trying to get property of non-object in C:\Fontes\orion-explorer-php-frame-work\samples\04_CRUD.php on line 52
[08-Jul-2016 11:04:11 America/Sao_Paulo] PHP Notice:  Trying to get property of non-object in C:\Fontes\orion-explorer-php-frame-work\samples\04_CRUD.php on line 53
[08-Jul-2016 11:04:11 America/Sao_Paulo] PHP Notice:  Trying to get property of non-object in C:\Fontes\orion-explorer-php-frame-work\samples\04_CRUD.php on line 53
[08-Jul-2016 11:04:11 America/Sao_Paulo] PHP Warning:  Invalid argument supplied for foreach() in C:\Fontes\orion-explorer-php-frame-work\samples\04_CRUD.php on line 57
[08-Jul-2016 12:36:29 America/Sao_Paulo] PHP Parse error:  syntax error, unexpected 'catch' (T_CATCH) in C:\Fontes\orion-explorer-php-frame-work\samples\04_CRUD.php on line 80
[08-Jul-2016 12:59:59 America/Sao_Paulo] PHP Notice:  Trying to get property of non-object in C:\Fontes\orion-explorer-php-frame-work\samples\04_CRUD.php on line 46
[08-Jul-2016 12:59:59 America/Sao_Paulo] PHP Notice:  Trying to get property of non-object in C:\Fontes\orion-explorer-php-frame-work\samples\04_CRUD.php on line 46
[08-Jul-2016 12:59:59 America/Sao_Paulo] PHP Notice:  Trying to get property of non-object in C:\Fontes\orion-explorer-php-frame-work\samples\04_CRUD.php on line 47
[08-Jul-2016 12:59:59 America/Sao_Paulo] PHP Notice:  Trying to get property of non-object in C:\Fontes\orion-explorer-php-frame-work\samples\04_CRUD.php on line 47
[08-Jul-2016 12:59:59 America/Sao_Paulo] PHP Notice:  Trying to get property of non-object in C:\Fontes\orion-explorer-php-frame-work\samples\04_CRUD.php on line 48
[08-Jul-2016 12:59:59 America/Sao_Paulo] PHP Notice:  Trying to get property of non-object in C:\Fontes\orion-explorer-php-frame-work\samples\04_CRUD.php on line 48
[08-Jul-2016 12:59:59 America/Sao_Paulo] PHP Notice:  Trying to get property of non-object in C:\Fontes\orion-explorer-php-frame-work\samples\04_CRUD.php on line 49
[08-Jul-2016 12:59:59 America/Sao_Paulo] PHP Notice:  Trying to get property of non-object in C:\Fontes\orion-explorer-php-frame-work\samples\04_CRUD.php on line 49
[08-Jul-2016 12:59:59 America/Sao_Paulo] PHP Warning:  Invalid argument supplied for foreach() in C:\Fontes\orion-explorer-php-frame-work\samples\04_CRUD.php on line 53
[08-Jul-2016 12:59:59 America/Sao_Paulo] PHP Notice:  Undefined property: stdClass::$contextElement in C:\Fontes\orion-explorer-php-frame-work\samples\04_CRUD.php on line 46
[08-Jul-2016 12:59:59 America/Sao_Paulo] PHP Notice:  Trying to get property of non-object in C:\Fontes\orion-explorer-php-frame-work\samples\04_CRUD.php on line 46
[08-Jul-2016 12:59:59 America/Sao_Paulo] PHP Notice:  Undefined property: stdClass::$contextElement in C:\Fontes\orion-explorer-php-frame-work\samples\04_CRUD.php on line 47
[08-Jul-2016 12:59:59 America/Sao_Paulo] PHP Notice:  Trying to get property of non-object in C:\Fontes\orion-explorer-php-frame-work\samples\04_CRUD.php on line 47
[08-Jul-2016 12:59:59 America/Sao_Paulo] PHP Notice:  Undefined property: stdClass::$contextElement in C:\Fontes\orion-explorer-php-frame-work\samples\04_CRUD.php on line 48
[08-Jul-2016 12:59:59 America/Sao_Paulo] PHP Notice:  Trying to get property of non-object in C:\Fontes\orion-explorer-php-frame-work\samples\04_CRUD.php on line 48
[08-Jul-2016 12:59:59 America/Sao_Paulo] PHP Notice:  Undefined property: stdClass::$contextElement in C:\Fontes\orion-explorer-php-frame-work\samples\04_CRUD.php on line 49
[08-Jul-2016 12:59:59 America/Sao_Paulo] PHP Notice:  Trying to get property of non-object in C:\Fontes\orion-explorer-php-frame-work\samples\04_CRUD.php on line 49
[08-Jul-2016 12:59:59 America/Sao_Paulo] PHP Warning:  Invalid argument supplied for foreach() in C:\Fontes\orion-explorer-php-frame-work\samples\04_CRUD.php on line 53
[08-Jul-2016 13:01:34 America/Sao_Paulo] PHP Notice:  Undefined property: stdClass::$contextResponses in C:\Fontes\orion-explorer-php-frame-work\samples\04_CRUD.php on line 43
[08-Jul-2016 13:01:34 America/Sao_Paulo] PHP Warning:  Invalid argument supplied for foreach() in C:\Fontes\orion-explorer-php-frame-work\samples\04_CRUD.php on line 43
[08-Jul-2016 13:01:56 America/Sao_Paulo] PHP Notice:  Undefined variable: response in C:\Fontes\orion-explorer-php-frame-work\samples\04_CRUD.php on line 43
[08-Jul-2016 13:01:56 America/Sao_Paulo] PHP Notice:  Undefined property: stdClass::$contextResponses in C:\Fontes\orion-explorer-php-frame-work\samples\04_CRUD.php on line 44
[08-Jul-2016 13:01:56 America/Sao_Paulo] PHP Warning:  Invalid argument supplied for foreach() in C:\Fontes\orion-explorer-php-frame-work\samples\04_CRUD.php on line 44
[08-Jul-2016 13:02:05 America/Sao_Paulo] PHP Notice:  Undefined property: stdClass::$contextResponses in C:\Fontes\orion-explorer-php-frame-work\samples\04_CRUD.php on line 44
[08-Jul-2016 13:02:05 America/Sao_Paulo] PHP Warning:  Invalid argument supplied for foreach() in C:\Fontes\orion-explorer-php-frame-work\samples\04_CRUD.php on line 44
[08-Jul-2016 13:03:19 America/Sao_Paulo] PHP Notice:  Undefined property: stdClass::$contextResponses in C:\Fontes\orion-explorer-php-frame-work\samples\04_CRUD.php on line 44
[08-Jul-2016 13:03:19 America/Sao_Paulo] PHP Warning:  Invalid argument supplied for foreach() in C:\Fontes\orion-explorer-php-frame-work\samples\04_CRUD.php on line 44
[08-Jul-2016 13:03:21 America/Sao_Paulo] PHP Notice:  Undefined property: stdClass::$contextResponses in C:\Fontes\orion-explorer-php-frame-work\samples\04_CRUD.php on line 44
[08-Jul-2016 13:03:21 America/Sao_Paulo] PHP Warning:  Invalid argument supplied for foreach() in C:\Fontes\orion-explorer-php-frame-work\samples\04_CRUD.php on line 44
[08-Jul-2016 13:03:49 America/Sao_Paulo] PHP Notice:  Undefined property: stdClass::$contextResponses in C:\Fontes\orion-explorer-php-frame-work\samples\04_CRUD.php on line 44
[08-Jul-2016 13:03:49 America/Sao_Paulo] PHP Warning:  Invalid argument supplied for foreach() in C:\Fontes\orion-explorer-php-frame-work\samples\04_CRUD.php on line 44
[08-Jul-2016 13:03:50 America/Sao_Paulo] PHP Notice:  Undefined property: stdClass::$contextResponses in C:\Fontes\orion-explorer-php-frame-work\samples\04_CRUD.php on line 44
[08-Jul-2016 13:03:50 America/Sao_Paulo] PHP Warning:  Invalid argument supplied for foreach() in C:\Fontes\orion-explorer-php-frame-work\samples\04_CRUD.php on line 44
[08-Jul-2016 14:40:38 America/Sao_Paulo] PHP Notice:  Undefined index: version in C:\Fontes\orion-explorer-php-frame-work\samples\04_CRUD.php on line 23
[08-Jul-2016 14:40:38 America/Sao_Paulo] PHP Notice:  Undefined index: uptime in C:\Fontes\orion-explorer-php-frame-work\samples\04_CRUD.php on line 24
[08-Jul-2016 14:40:47 America/Sao_Paulo] PHP Notice:  Undefined property: stdClass::$contextResponses in C:\Fontes\orion-explorer-php-frame-work\samples\04_CRUD.php on line 44
[08-Jul-2016 14:40:47 America/Sao_Paulo] PHP Warning:  Invalid argument supplied for foreach() in C:\Fontes\orion-explorer-php-frame-work\samples\04_CRUD.php on line 44
[08-Jul-2016 14:42:17 America/Sao_Paulo] PHP Notice:  Undefined property: stdClass::$contextResponses in C:\Fontes\orion-explorer-php-frame-work\samples\04_CRUD.php on line 44
[08-Jul-2016 14:42:17 America/Sao_Paulo] PHP Warning:  Invalid argument supplied for foreach() in C:\Fontes\orion-explorer-php-frame-work\samples\04_CRUD.php on line 44
[08-Jul-2016 15:05:33 America/Sao_Paulo] PHP Notice:  Trying to get property of non-object in C:\Fontes\orion-explorer-php-frame-work\samples\04_CRUD.php on line 47
[08-Jul-2016 15:05:33 America/Sao_Paulo] PHP Notice:  Trying to get property of non-object in C:\Fontes\orion-explorer-php-frame-work\samples\04_CRUD.php on line 47
[08-Jul-2016 15:05:33 America/Sao_Paulo] PHP Notice:  Trying to get property of non-object in C:\Fontes\orion-explorer-php-frame-work\samples\04_CRUD.php on line 48
[08-Jul-2016 15:05:33 America/Sao_Paulo] PHP Notice:  Trying to get property of non-object in C:\Fontes\orion-explorer-php-frame-work\samples\04_CRUD.php on line 48
[08-Jul-2016 15:05:33 America/Sao_Paulo] PHP Notice:  Trying to get property of non-object in C:\Fontes\orion-explorer-php-frame-work\samples\04_CRUD.php on line 49
[08-Jul-2016 15:05:33 America/Sao_Paulo] PHP Notice:  Trying to get property of non-object in C:\Fontes\orion-explorer-php-frame-work\samples\04_CRUD.php on line 49
[08-Jul-2016 15:05:33 America/Sao_Paulo] PHP Notice:  Trying to get property of non-object in C:\Fontes\orion-explorer-php-frame-work\samples\04_CRUD.php on line 50
[08-Jul-2016 15:05:33 America/Sao_Paulo] PHP Notice:  Trying to get property of non-object in C:\Fontes\orion-explorer-php-frame-work\samples\04_CRUD.php on line 50
[08-Jul-2016 15:05:33 America/Sao_Paulo] PHP Warning:  Invalid argument supplied for foreach() in C:\Fontes\orion-explorer-php-frame-work\samples\04_CRUD.php on line 54
[08-Jul-2016 15:05:33 America/Sao_Paulo] PHP Notice:  Undefined property: stdClass::$contextElement in C:\Fontes\orion-explorer-php-frame-work\samples\04_CRUD.php on line 47
[08-Jul-2016 15:05:33 America/Sao_Paulo] PHP Notice:  Trying to get property of non-object in C:\Fontes\orion-explorer-php-frame-work\samples\04_CRUD.php on line 47
[08-Jul-2016 15:05:33 America/Sao_Paulo] PHP Notice:  Undefined property: stdClass::$contextElement in C:\Fontes\orion-explorer-php-frame-work\samples\04_CRUD.php on line 48
[08-Jul-2016 15:05:33 America/Sao_Paulo] PHP Notice:  Trying to get property of non-object in C:\Fontes\orion-explorer-php-frame-work\samples\04_CRUD.php on line 48
[08-Jul-2016 15:05:33 America/Sao_Paulo] PHP Notice:  Undefined property: stdClass::$contextElement in C:\Fontes\orion-explorer-php-frame-work\samples\04_CRUD.php on line 49
[08-Jul-2016 15:05:33 America/Sao_Paulo] PHP Notice:  Trying to get property of non-object in C:\Fontes\orion-explorer-php-frame-work\samples\04_CRUD.php on line 49
[08-Jul-2016 15:05:33 America/Sao_Paulo] PHP Notice:  Undefined property: stdClass::$contextElement in C:\Fontes\orion-explorer-php-frame-work\samples\04_CRUD.php on line 50
[08-Jul-2016 15:05:33 America/Sao_Paulo] PHP Notice:  Trying to get property of non-object in C:\Fontes\orion-explorer-php-frame-work\samples\04_CRUD.php on line 50
[08-Jul-2016 15:05:33 America/Sao_Paulo] PHP Warning:  Invalid argument supplied for foreach() in C:\Fontes\orion-explorer-php-frame-work\samples\04_CRUD.php on line 54
[08-Jul-2016 15:13:25 America/Sao_Paulo] PHP Notice:  Trying to get property of non-object in C:\Fontes\orion-explorer-php-frame-work\samples\04_CRUD.php on line 47
[08-Jul-2016 15:13:25 America/Sao_Paulo] PHP Notice:  Trying to get property of non-object in C:\Fontes\orion-explorer-php-frame-work\samples\04_CRUD.php on line 47
[08-Jul-2016 15:13:25 America/Sao_Paulo] PHP Notice:  Trying to get property of non-object in C:\Fontes\orion-explorer-php-frame-work\samples\04_CRUD.php on line 48
[08-Jul-2016 15:13:25 America/Sao_Paulo] PHP Notice:  Trying to get property of non-object in C:\Fontes\orion-explorer-php-frame-work\samples\04_CRUD.php on line 48
[08-Jul-2016 15:13:25 America/Sao_Paulo] PHP Notice:  Trying to get property of non-object in C:\Fontes\orion-explorer-php-frame-work\samples\04_CRUD.php on line 49
[08-Jul-2016 15:13:25 America/Sao_Paulo] PHP Notice:  Trying to get property of non-object in C:\Fontes\orion-explorer-php-frame-work\samples\04_CRUD.php on line 49
[08-Jul-2016 15:13:25 America/Sao_Paulo] PHP Notice:  Trying to get property of non-object in C:\Fontes\orion-explorer-php-frame-work\samples\04_CRUD.php on line 50
[08-Jul-2016 15:13:25 America/Sao_Paulo] PHP Notice:  Trying to get property of non-object in C:\Fontes\orion-explorer-php-frame-work\samples\04_CRUD.php on line 50
[08-Jul-2016 15:13:25 America/Sao_Paulo] PHP Warning:  Invalid argument supplied for foreach() in C:\Fontes\orion-explorer-php-frame-work\samples\04_CRUD.php on line 54
[08-Jul-2016 15:13:25 America/Sao_Paulo] PHP Notice:  Undefined property: stdClass::$contextElement in C:\Fontes\orion-explorer-php-frame-work\samples\04_CRUD.php on line 47
[08-Jul-2016 15:13:25 America/Sao_Paulo] PHP Notice:  Trying to get property of non-object in C:\Fontes\orion-explorer-php-frame-work\samples\04_CRUD.php on line 47
[08-Jul-2016 15:13:25 America/Sao_Paulo] PHP Notice:  Undefined property: stdClass::$contextElement in C:\Fontes\orion-explorer-php-frame-work\samples\04_CRUD.php on line 48
[08-Jul-2016 15:13:25 America/Sao_Paulo] PHP Notice:  Trying to get property of non-object in C:\Fontes\orion-explorer-php-frame-work\samples\04_CRUD.php on line 48
[08-Jul-2016 15:13:25 America/Sao_Paulo] PHP Notice:  Undefined property: stdClass::$contextElement in C:\Fontes\orion-explorer-php-frame-work\samples\04_CRUD.php on line 49
[08-Jul-2016 15:13:25 America/Sao_Paulo] PHP Notice:  Trying to get property of non-object in C:\Fontes\orion-explorer-php-frame-work\samples\04_CRUD.php on line 49
[08-Jul-2016 15:13:25 America/Sao_Paulo] PHP Notice:  Undefined property: stdClass::$contextElement in C:\Fontes\orion-explorer-php-frame-work\samples\04_CRUD.php on line 50
[08-Jul-2016 15:13:25 America/Sao_Paulo] PHP Notice:  Trying to get property of non-object in C:\Fontes\orion-explorer-php-frame-work\samples\04_CRUD.php on line 50
[08-Jul-2016 15:13:25 America/Sao_Paulo] PHP Warning:  Invalid argument supplied for foreach() in C:\Fontes\orion-explorer-php-frame-work\samples\04_CRUD.php on line 54
[08-Jul-2016 15:35:48 America/Sao_Paulo] PHP Notice:  Undefined index: version in C:\Fontes\orion-explorer-php-frame-work\samples\05_walkthrough_apiv1.php on line 25
[08-Jul-2016 15:35:48 America/Sao_Paulo] PHP Notice:  Undefined index: uptime in C:\Fontes\orion-explorer-php-frame-work\samples\05_walkthrough_apiv1.php on line 26
[08-Jul-2016 16:12:50 America/Sao_Paulo] PHP Catchable fatal error:  Object of class stdClass could not be converted to string in C:\Fontes\orion-explorer-php-frame-work\samples\05_walkthrough_apiv1.php on line 44
[08-Jul-2016 16:43:01 America/Sao_Paulo] PHP Catchable fatal error:  Argument 1 passed to Orion\ContextBroker::updateContext() must be an instance of Orion\Context\Context, instance of stdClass given, called in C:\Fontes\orion-explorer-php-frame-work\src\Orion\Operations\updateContext.php on line 188 and defined in C:\Fontes\orion-explorer-php-frame-work\src\Orion\ContextBroker.php on line 567
[08-Jul-2016 16:43:02 America/Sao_Paulo] PHP Catchable fatal error:  Argument 1 passed to Orion\ContextBroker::updateContext() must be an instance of Orion\Context\Context, instance of stdClass given, called in C:\Fontes\orion-explorer-php-frame-work\src\Orion\Operations\updateContext.php on line 188 and defined in C:\Fontes\orion-explorer-php-frame-work\src\Orion\ContextBroker.php on line 567
[08-Jul-2016 17:05:09 America/Sao_Paulo] PHP Catchable fatal error:  Object of class stdClass could not be converted to string in C:\Fontes\orion-explorer-php-frame-work\samples\05_walkthrough_apiv1.php on line 44
[08-Jul-2016 17:05:57 America/Sao_Paulo] PHP Notice:  Object of class stdClass could not be converted to int in C:\Fontes\orion-explorer-php-frame-work\samples\05_walkthrough_apiv1.php on line 44
[08-Jul-2016 17:52:21 America/Sao_Paulo] PHP Fatal error:  Call to undefined method stdClass::prettyPrint() in C:\Fontes\orion-explorer-php-frame-work\samples\05_walkthrough_apiv1.php on line 152
[08-Jul-2016 17:54:46 America/Sao_Paulo] PHP Fatal error:  Call to undefined method Orion\Context\Context::getRequest() in C:\Fontes\orion-explorer-php-frame-work\samples\05_walkthrough_apiv1.php on line 153
[08-Jul-2016 18:03:52 America/Sao_Paulo] PHP Notice:  Undefined property: stdClass::$subscribeResponse in C:\Fontes\orion-explorer-php-frame-work\samples\05_walkthrough_apiv1.php on line 162
[08-Jul-2016 18:03:52 America/Sao_Paulo] PHP Notice:  Trying to get property of non-object in C:\Fontes\orion-explorer-php-frame-work\samples\05_walkthrough_apiv1.php on line 162
